{"name": "test_login2[args0]", "status": "broken", "statusDetails": {"message": "selenium.common.exceptions.TimeoutException: Message:", "trace": "self = <test_login.TestLogin object at 0x00000000046D93C8>, args = {'password': '1996514lvp', 'toast': '成功', 'username': '17745164862'}\n\n    @allure.step(title=\"测试登录脚本\")\n    @pytest.mark.parametrize(\"args\", data_with_key(\"test_login2\"))\n    def test_login2(self, args):\n        username=args['username']\n        password=args['password']\n        toast=args['toast']\n        print(username,password,toast)\n        # 点击立即登录\n        allure.attach(\"点击立即登录\",\"立即登录按钮\")\n        self.login_page.click_now_login()\n        # 点击 密码登录\n        allure.attach(\"点击密码登录\", \"密码登录按钮\")\n>       self.login_page.password_login()\n\nscripts\\test_login.py:78: \n_ _ _ _ _ _ _ _ _ _ _ _ _ _ _ _ _ _ _ _ _ _ _ _ _ _ _ _ _ _ _ _ _ _ _ _ _ _ _ _ _ _ _ _ _ _ _ _ _ _ _ _ _ _ _ _ _ _ _ _ _ _ _ _ _ _ _ _ _ _ _ _ _ _ _ _ _ _ _ _ _ _ _ _ _ _ _ _ _ _ _ _ _ _ _ _ _ _ _ _ _ _ _ _ _ _ \npage\\login_page.py:33: in password_login\n    self.click(self.password_login_button)\nbase\\base_action.py:17: in click\n    self.find_elenent(loc).click()\nbase\\base_action.py:26: in find_elenent\n    return WebDriverWait(self.driver,timeout,poll).until(lambda x:x.find_element(by,value))\n_ _ _ _ _ _ _ _ _ _ _ _ _ _ _ _ _ _ _ _ _ _ _ _ _ _ _ _ _ _ _ _ _ _ _ _ _ _ _ _ _ _ _ _ _ _ _ _ _ _ _ _ _ _ _ _ _ _ _ _ _ _ _ _ _ _ _ _ _ _ _ _ _ _ _ _ _ _ _ _ _ _ _ _ _ _ _ _ _ _ _ _ _ _ _ _ _ _ _ _ _ _ _ _ _ _ \n\nself = <selenium.webdriver.support.wait.WebDriverWait (session=\"b3b351d0-225e-42d4-b3ad-a16f2f2a7a71\")>, method = <function BaseAction.find_elenent.<locals>.<lambda> at 0x000000000473D158>, message = ''\n\n    def until(self, method, message=''):\n        \"\"\"Calls the method provided with the driver as an argument until the \\\n        return value is not False.\"\"\"\n        screen = None\n        stacktrace = None\n    \n        end_time = time.time() + self._timeout\n        while True:\n            try:\n                value = method(self._driver)\n                if value:\n                    return value\n            except self._ignored_exceptions as exc:\n                screen = getattr(exc, 'screen', None)\n                stacktrace = getattr(exc, 'stacktrace', None)\n            time.sleep(self._poll)\n            if time.time() > end_time:\n                break\n>       raise TimeoutException(message, screen, stacktrace)\nE       selenium.common.exceptions.TimeoutException: Message:\n\n..\\..\\appdata\\local\\programs\\python\\python37\\lib\\site-packages\\selenium\\webdriver\\support\\wait.py:80: TimeoutException"}, "steps": [{"name": "测试登录脚本", "status": "broken", "statusDetails": {"message": "selenium.common.exceptions.TimeoutException: Message: \n\n", "trace": "  File \"c:\\users\\administrator\\appdata\\local\\programs\\python\\python37\\lib\\site-packages\\allure_commons\\_allure.py\", line 157, in impl\n    return func(*a, **kw)\n  File \"C:\\Users\\Administrator\\PycharmProjects\\taobao\\scripts\\test_login.py\", line 78, in test_login2\n    self.login_page.password_login()\n  File \"C:\\Users\\Administrator\\PycharmProjects\\taobao\\page\\login_page.py\", line 33, in password_login\n    self.click(self.password_login_button)\n  File \"C:\\Users\\Administrator\\PycharmProjects\\taobao\\base\\base_action.py\", line 17, in click\n    self.find_elenent(loc).click()\n  File \"C:\\Users\\Administrator\\PycharmProjects\\taobao\\base\\base_action.py\", line 26, in find_elenent\n    return WebDriverWait(self.driver,timeout,poll).until(lambda x:x.find_element(by,value))\n  File \"c:\\users\\administrator\\appdata\\local\\programs\\python\\python37\\lib\\site-packages\\selenium\\webdriver\\support\\wait.py\", line 80, in until\n    raise TimeoutException(message, screen, stacktrace)\n"}, "attachments": [{"name": "立即登录按钮", "source": "06efd142-ac3a-4b54-aeec-d34a5d211bed-attachment.attach"}, {"name": "密码登录按钮", "source": "f73f8e69-56b8-4a68-abad-29b4ec2a6d39-attachment.attach"}], "parameters": [{"name": "args", "value": "{'username': '17745164862', 'password': '1996514lvp', 'toast': '成功'}"}], "start": 1576647398794, "stop": 1576647433098}], "parameters": [{"name": "args", "value": "{'username': '17745164862', 'password': '1996514lvp', 'toast': '成功'}"}], "start": 1576647398793, "stop": 1576647433115, "uuid": "1c6b37f5-c513-4188-81d3-6c9eda6e94df", "historyId": "b070444a4fe3f8109987bda83efe4674", "testCaseId": "c6a0359a54e5a2b474317525293eb9e2", "fullName": "scripts.test_login.TestLogin#test_login2", "labels": [{"name": "parentSuite", "value": "scripts"}, {"name": "suite", "value": "test_login"}, {"name": "subSuite", "value": "TestLogin"}, {"name": "host", "value": "USER-20171125WC"}, {"name": "thread", "value": "8544-MainThread"}, {"name": "framework", "value": "pytest"}, {"name": "language", "value": "cpython3"}, {"name": "package", "value": "scripts.test_login"}]}