{
  "uid" : "14be5927552dde9",
  "name" : "test_login2[args0]",
  "fullName" : "scripts.test_login.TestLogin#test_login2",
  "historyId" : "b070444a4fe3f8109987bda83efe4674",
  "time" : {
    "start" : 1576647398793,
    "stop" : 1576647433115,
    "duration" : 34322
  },
  "status" : "broken",
  "statusMessage" : "selenium.common.exceptions.TimeoutException: Message:",
  "statusTrace" : "self = <test_login.TestLogin object at 0x00000000046D93C8>, args = {'password': '1996514lvp', 'toast': '成功', 'username': '17745164862'}\n\n    @allure.step(title=\"测试登录脚本\")\n    @pytest.mark.parametrize(\"args\", data_with_key(\"test_login2\"))\n    def test_login2(self, args):\n        username=args['username']\n        password=args['password']\n        toast=args['toast']\n        print(username,password,toast)\n        # 点击立即登录\n        allure.attach(\"点击立即登录\",\"立即登录按钮\")\n        self.login_page.click_now_login()\n        # 点击 密码登录\n        allure.attach(\"点击密码登录\", \"密码登录按钮\")\n>       self.login_page.password_login()\n\nscripts\\test_login.py:78: \n_ _ _ _ _ _ _ _ _ _ _ _ _ _ _ _ _ _ _ _ _ _ _ _ _ _ _ _ _ _ _ _ _ _ _ _ _ _ _ _ _ _ _ _ _ _ _ _ _ _ _ _ _ _ _ _ _ _ _ _ _ _ _ _ _ _ _ _ _ _ _ _ _ _ _ _ _ _ _ _ _ _ _ _ _ _ _ _ _ _ _ _ _ _ _ _ _ _ _ _ _ _ _ _ _ _ \npage\\login_page.py:33: in password_login\n    self.click(self.password_login_button)\nbase\\base_action.py:17: in click\n    self.find_elenent(loc).click()\nbase\\base_action.py:26: in find_elenent\n    return WebDriverWait(self.driver,timeout,poll).until(lambda x:x.find_element(by,value))\n_ _ _ _ _ _ _ _ _ _ _ _ _ _ _ _ _ _ _ _ _ _ _ _ _ _ _ _ _ _ _ _ _ _ _ _ _ _ _ _ _ _ _ _ _ _ _ _ _ _ _ _ _ _ _ _ _ _ _ _ _ _ _ _ _ _ _ _ _ _ _ _ _ _ _ _ _ _ _ _ _ _ _ _ _ _ _ _ _ _ _ _ _ _ _ _ _ _ _ _ _ _ _ _ _ _ \n\nself = <selenium.webdriver.support.wait.WebDriverWait (session=\"b3b351d0-225e-42d4-b3ad-a16f2f2a7a71\")>, method = <function BaseAction.find_elenent.<locals>.<lambda> at 0x000000000473D158>, message = ''\n\n    def until(self, method, message=''):\n        \"\"\"Calls the method provided with the driver as an argument until the \\\n        return value is not False.\"\"\"\n        screen = None\n        stacktrace = None\n    \n        end_time = time.time() + self._timeout\n        while True:\n            try:\n                value = method(self._driver)\n                if value:\n                    return value\n            except self._ignored_exceptions as exc:\n                screen = getattr(exc, 'screen', None)\n                stacktrace = getattr(exc, 'stacktrace', None)\n            time.sleep(self._poll)\n            if time.time() > end_time:\n                break\n>       raise TimeoutException(message, screen, stacktrace)\nE       selenium.common.exceptions.TimeoutException: Message:\n\n..\\..\\appdata\\local\\programs\\python\\python37\\lib\\site-packages\\selenium\\webdriver\\support\\wait.py:80: TimeoutException",
  "flaky" : false,
  "beforeStages" : [ ],
  "testStage" : {
    "status" : "broken",
    "statusMessage" : "selenium.common.exceptions.TimeoutException: Message:",
    "statusTrace" : "self = <test_login.TestLogin object at 0x00000000046D93C8>, args = {'password': '1996514lvp', 'toast': '成功', 'username': '17745164862'}\n\n    @allure.step(title=\"测试登录脚本\")\n    @pytest.mark.parametrize(\"args\", data_with_key(\"test_login2\"))\n    def test_login2(self, args):\n        username=args['username']\n        password=args['password']\n        toast=args['toast']\n        print(username,password,toast)\n        # 点击立即登录\n        allure.attach(\"点击立即登录\",\"立即登录按钮\")\n        self.login_page.click_now_login()\n        # 点击 密码登录\n        allure.attach(\"点击密码登录\", \"密码登录按钮\")\n>       self.login_page.password_login()\n\nscripts\\test_login.py:78: \n_ _ _ _ _ _ _ _ _ _ _ _ _ _ _ _ _ _ _ _ _ _ _ _ _ _ _ _ _ _ _ _ _ _ _ _ _ _ _ _ _ _ _ _ _ _ _ _ _ _ _ _ _ _ _ _ _ _ _ _ _ _ _ _ _ _ _ _ _ _ _ _ _ _ _ _ _ _ _ _ _ _ _ _ _ _ _ _ _ _ _ _ _ _ _ _ _ _ _ _ _ _ _ _ _ _ \npage\\login_page.py:33: in password_login\n    self.click(self.password_login_button)\nbase\\base_action.py:17: in click\n    self.find_elenent(loc).click()\nbase\\base_action.py:26: in find_elenent\n    return WebDriverWait(self.driver,timeout,poll).until(lambda x:x.find_element(by,value))\n_ _ _ _ _ _ _ _ _ _ _ _ _ _ _ _ _ _ _ _ _ _ _ _ _ _ _ _ _ _ _ _ _ _ _ _ _ _ _ _ _ _ _ _ _ _ _ _ _ _ _ _ _ _ _ _ _ _ _ _ _ _ _ _ _ _ _ _ _ _ _ _ _ _ _ _ _ _ _ _ _ _ _ _ _ _ _ _ _ _ _ _ _ _ _ _ _ _ _ _ _ _ _ _ _ _ \n\nself = <selenium.webdriver.support.wait.WebDriverWait (session=\"b3b351d0-225e-42d4-b3ad-a16f2f2a7a71\")>, method = <function BaseAction.find_elenent.<locals>.<lambda> at 0x000000000473D158>, message = ''\n\n    def until(self, method, message=''):\n        \"\"\"Calls the method provided with the driver as an argument until the \\\n        return value is not False.\"\"\"\n        screen = None\n        stacktrace = None\n    \n        end_time = time.time() + self._timeout\n        while True:\n            try:\n                value = method(self._driver)\n                if value:\n                    return value\n            except self._ignored_exceptions as exc:\n                screen = getattr(exc, 'screen', None)\n                stacktrace = getattr(exc, 'stacktrace', None)\n            time.sleep(self._poll)\n            if time.time() > end_time:\n                break\n>       raise TimeoutException(message, screen, stacktrace)\nE       selenium.common.exceptions.TimeoutException: Message:\n\n..\\..\\appdata\\local\\programs\\python\\python37\\lib\\site-packages\\selenium\\webdriver\\support\\wait.py:80: TimeoutException",
    "steps" : [ {
      "name" : "测试登录脚本",
      "time" : {
        "start" : 1576647398794,
        "stop" : 1576647433098,
        "duration" : 34304
      },
      "status" : "broken",
      "statusMessage" : "selenium.common.exceptions.TimeoutException: Message: \n\n",
      "statusTrace" : "  File \"c:\\users\\administrator\\appdata\\local\\programs\\python\\python37\\lib\\site-packages\\allure_commons\\_allure.py\", line 157, in impl\n    return func(*a, **kw)\n  File \"C:\\Users\\Administrator\\PycharmProjects\\taobao\\scripts\\test_login.py\", line 78, in test_login2\n    self.login_page.password_login()\n  File \"C:\\Users\\Administrator\\PycharmProjects\\taobao\\page\\login_page.py\", line 33, in password_login\n    self.click(self.password_login_button)\n  File \"C:\\Users\\Administrator\\PycharmProjects\\taobao\\base\\base_action.py\", line 17, in click\n    self.find_elenent(loc).click()\n  File \"C:\\Users\\Administrator\\PycharmProjects\\taobao\\base\\base_action.py\", line 26, in find_elenent\n    return WebDriverWait(self.driver,timeout,poll).until(lambda x:x.find_element(by,value))\n  File \"c:\\users\\administrator\\appdata\\local\\programs\\python\\python37\\lib\\site-packages\\selenium\\webdriver\\support\\wait.py\", line 80, in until\n    raise TimeoutException(message, screen, stacktrace)\n",
      "steps" : [ ],
      "attachments" : [ {
        "uid" : "943e2a5c1f3fdff5",
        "name" : "立即登录按钮",
        "source" : "943e2a5c1f3fdff5.attach",
        "type" : "text/plain",
        "size" : 18
      }, {
        "uid" : "84c27a915234927c",
        "name" : "密码登录按钮",
        "source" : "84c27a915234927c.attach",
        "type" : "text/plain",
        "size" : 18
      } ],
      "parameters" : [ {
        "name" : "args",
        "value" : "{'username': '17745164862', 'password': '1996514lvp', 'toast': '成功'}"
      } ],
      "stepsCount" : 0,
      "hasContent" : true,
      "attachmentsCount" : 2,
      "shouldDisplayMessage" : true
    } ],
    "attachments" : [ ],
    "parameters" : [ ],
    "stepsCount" : 1,
    "hasContent" : true,
    "attachmentsCount" : 2,
    "shouldDisplayMessage" : true
  },
  "afterStages" : [ ],
  "labels" : [ {
    "name" : "parentSuite",
    "value" : "scripts"
  }, {
    "name" : "suite",
    "value" : "test_login"
  }, {
    "name" : "subSuite",
    "value" : "TestLogin"
  }, {
    "name" : "host",
    "value" : "USER-20171125WC"
  }, {
    "name" : "thread",
    "value" : "8544-MainThread"
  }, {
    "name" : "framework",
    "value" : "pytest"
  }, {
    "name" : "language",
    "value" : "cpython3"
  }, {
    "name" : "package",
    "value" : "scripts.test_login"
  }, {
    "name" : "resultFormat",
    "value" : "allure2"
  } ],
  "parameters" : [ {
    "name" : "args",
    "value" : "{'username': '17745164862', 'password': '1996514lvp', 'toast': '成功'}"
  } ],
  "links" : [ ],
  "hidden" : true,
  "retry" : true,
  "extra" : {
    "categories" : [ ],
    "tags" : [ ]
  },
  "source" : "14be5927552dde9.json",
  "parameterValues" : [ "{'username': '17745164862', 'password': '1996514lvp', 'toast': '成功'}" ]
}